Determining if the pthread_create exist failed with the following output:
Change Dir: /home/juhyung/xycar_catkin_ws/build/CMakeFiles/CMakeTmp

Run Build Command:"/usr/bin/make" "cmTC_e0dbd/fast"
/usr/bin/make -f CMakeFiles/cmTC_e0dbd.dir/build.make CMakeFiles/cmTC_e0dbd.dir/build
make[1]: Entering directory '/home/juhyung/xycar_catkin_ws/build/CMakeFiles/CMakeTmp'
Building C object CMakeFiles/cmTC_e0dbd.dir/CheckSymbolExists.c.o
/usr/bin/cc     -o CMakeFiles/cmTC_e0dbd.dir/CheckSymbolExists.c.o   -c /home/juhyung/xycar_catkin_ws/build/CMakeFiles/CMakeTmp/CheckSymbolExists.c
Linking C executable cmTC_e0dbd
/usr/bin/cmake -E cmake_link_script CMakeFiles/cmTC_e0dbd.dir/link.txt --verbose=1
/usr/bin/cc       CMakeFiles/cmTC_e0dbd.dir/CheckSymbolExists.c.o  -o cmTC_e0dbd -rdynamic 
CMakeFiles/cmTC_e0dbd.dir/CheckSymbolExists.c.o: In function `main':
CheckSymbolExists.c:(.text+0x16): undefined reference to `pthread_create'
collect2: error: ld returned 1 exit status
CMakeFiles/cmTC_e0dbd.dir/build.make:97: recipe for target 'cmTC_e0dbd' failed
make[1]: *** [cmTC_e0dbd] Error 1
make[1]: Leaving directory '/home/juhyung/xycar_catkin_ws/build/CMakeFiles/CMakeTmp'
Makefile:126: recipe for target 'cmTC_e0dbd/fast' failed
make: *** [cmTC_e0dbd/fast] Error 2

File /home/juhyung/xycar_catkin_ws/build/CMakeFiles/CMakeTmp/CheckSymbolExists.c:
/* */
#include <pthread.h>

int main(int argc, char** argv)
{
  (void)argv;
#ifndef pthread_create
  return ((int*)(&pthread_create))[argc];
#else
  (void)argc;
  return 0;
#endif
}

Determining if the function pthread_create exists in the pthreads failed with the following output:
Change Dir: /home/juhyung/xycar_catkin_ws/build/CMakeFiles/CMakeTmp

Run Build Command:"/usr/bin/make" "cmTC_70ece/fast"
/usr/bin/make -f CMakeFiles/cmTC_70ece.dir/build.make CMakeFiles/cmTC_70ece.dir/build
make[1]: Entering directory '/home/juhyung/xycar_catkin_ws/build/CMakeFiles/CMakeTmp'
Building C object CMakeFiles/cmTC_70ece.dir/CheckFunctionExists.c.o
/usr/bin/cc    -DCHECK_FUNCTION_EXISTS=pthread_create   -o CMakeFiles/cmTC_70ece.dir/CheckFunctionExists.c.o   -c /usr/share/cmake-3.5/Modules/CheckFunctionExists.c
Linking C executable cmTC_70ece
/usr/bin/cmake -E cmake_link_script CMakeFiles/cmTC_70ece.dir/link.txt --verbose=1
/usr/bin/cc   -DCHECK_FUNCTION_EXISTS=pthread_create    CMakeFiles/cmTC_70ece.dir/CheckFunctionExists.c.o  -o cmTC_70ece -rdynamic -lpthreads 
/usr/bin/x86_64-linux-gnu-ld: cannot find -lpthreads
collect2: error: ld returned 1 exit status
CMakeFiles/cmTC_70ece.dir/build.make:97: recipe for target 'cmTC_70ece' failed
make[1]: *** [cmTC_70ece] Error 1
make[1]: Leaving directory '/home/juhyung/xycar_catkin_ws/build/CMakeFiles/CMakeTmp'
Makefile:126: recipe for target 'cmTC_70ece/fast' failed
make: *** [cmTC_70ece/fast] Error 2


